WatchFace/Wearable/build/outputs/logs/manifest-merger-debug-report.txt
-- Merging decision tree log ---
manifest
ADDED from src/main/AndroidManifest.xml:17:1-364:12
	package
		ADDED from src/main/AndroidManifest.xml:17:11-59
	android:versionName
		INJECTED from src/main/AndroidManifest.xml
		INJECTED from src/main/AndroidManifest.xml
	xmlns:android
		ADDED from src/main/AndroidManifest.xml:18:11-69
	android:versionCode
		INJECTED from src/main/AndroidManifest.xml
		INJECTED from src/main/AndroidManifest.xml
uses-sdk
ADDED from src/main/AndroidManifest.xml:20:5-22:40
MERGED from [com.android.support:palette-v7:25.1.0] AndroidManifest.xml:20:5-43
MERGED from [com.google.android.gms:play-services-fitness:10.0.1] AndroidManifest.xml:17:5-42
MERGED from [com.google.android.gms:play-services-location:10.0.1] AndroidManifest.xml:3:5-42
MERGED from [com.google.android.gms:play-services-wearable:10.0.1] AndroidManifest.xml:17:5-42
MERGED from [com.google.android.gms:play-services-base:10.0.1] AndroidManifest.xml:17:5-42
MERGED from [com.google.android.gms:play-services-tasks:10.0.1] AndroidManifest.xml:3:5-42
MERGED from [com.google.android.gms:play-services-basement:10.0.1] AndroidManifest.xml:17:5-42
MERGED from [com.android.support:support-v13:25.0.1] AndroidManifest.xml:21:5-23:55
MERGED from [com.google.android.support:wearable:2.0.0] AndroidManifest.xml:4:5-72
MERGED from [com.android.support:percent:23.0.1] AndroidManifest.xml:20:5-43
MERGED from [com.android.support:recyclerview-v7:23.0.1] AndroidManifest.xml:20:5-43
MERGED from [com.android.support:support-v4:25.0.1] AndroidManifest.xml:21:5-23:54
MERGED from [com.android.support:support-fragment:25.0.1] AndroidManifest.xml:21:5-23:60
MERGED from [com.android.support:support-media-compat:25.0.1] AndroidManifest.xml:21:5-23:63
MERGED from [com.android.support:support-core-ui:25.0.1] AndroidManifest.xml:21:5-23:58
MERGED from [com.android.support:support-core-utils:25.1.0] AndroidManifest.xml:21:5-23:61
MERGED from [com.android.support:support-compat:25.1.0] AndroidManifest.xml:21:5-23:58
	tools:overrideLibrary
		ADDED from [com.android.support:support-v13:25.0.1] AndroidManifest.xml:23:9-52
	android:targetSdkVersion
		ADDED from src/main/AndroidManifest.xml:22:9-38
		INJECTED from src/main/AndroidManifest.xml
		INJECTED from src/main/AndroidManifest.xml
	android:minSdkVersion
		ADDED from src/main/AndroidManifest.xml:21:9-35
		INJECTED from src/main/AndroidManifest.xml
		INJECTED from src/main/AndroidManifest.xml
uses-feature#android.hardware.type.watch
ADDED from src/main/AndroidManifest.xml:24:5-63
	android:name
		ADDED from src/main/AndroidManifest.xml:24:19-61
uses-permission#android.permission.WAKE_LOCK
ADDED from src/main/AndroidManifest.xml:27:5-67
	android:name
		ADDED from src/main/AndroidManifest.xml:27:22-65
uses-permission#com.google.android.wearable.permission.RECEIVE_COMPLICATION_DATA
ADDED from src/main/AndroidManifest.xml:30:5-103
	android:name
		ADDED from src/main/AndroidManifest.xml:30:22-101
uses-permission#android.permission.READ_CALENDAR
ADDED from src/main/AndroidManifest.xml:33:5-71
	android:name
		ADDED from src/main/AndroidManifest.xml:33:22-69
uses-permission#android.permission.ACCESS_FINE_LOCATION
ADDED from src/main/AndroidManifest.xml:36:5-78
	android:name
		ADDED from src/main/AndroidManifest.xml:36:22-76
uses-permission#android.permission.WRITE_EXTERNAL_STORAGE
ADDED from src/main/AndroidManifest.xml:38:5-80
	android:name
		ADDED from src/main/AndroidManifest.xml:38:22-78
uses-permission#android.permission.READ_PHONE_STATE
ADDED from src/main/AndroidManifest.xml:39:5-74
	android:name
		ADDED from src/main/AndroidManifest.xml:39:22-72
uses-permission#android.permission.READ_EXTERNAL_STORAGE
ADDED from src/main/AndroidManifest.xml:40:5-79
	android:name
		ADDED from src/main/AndroidManifest.xml:40:22-77
application
ADDED from src/main/AndroidManifest.xml:42:5-362:19
MERGED from [com.android.support:palette-v7:25.1.0] AndroidManifest.xml:22:5-23:19
MERGED from [com.google.android.gms:play-services-fitness:10.0.1] AndroidManifest.xml:18:5-19
MERGED from [com.google.android.gms:play-services-location:10.0.1] AndroidManifest.xml:4:5-19
MERGED from [com.google.android.gms:play-services-wearable:10.0.1] AndroidManifest.xml:18:5-19
MERGED from [com.google.android.gms:play-services-base:10.0.1] AndroidManifest.xml:18:5-20:19
MERGED from [com.google.android.gms:play-services-tasks:10.0.1] AndroidManifest.xml:4:5-19
MERGED from [com.google.android.gms:play-services-basement:10.0.1] AndroidManifest.xml:19:5-21:19
MERGED from [com.android.support:support-v13:25.0.1] AndroidManifest.xml:25:5-20
MERGED from [com.google.android.support:wearable:2.0.0] AndroidManifest.xml:6:5-19
MERGED from [com.android.support:percent:23.0.1] AndroidManifest.xml:22:5-20
MERGED from [com.android.support:support-v4:25.0.1] AndroidManifest.xml:25:5-20
MERGED from [com.android.support:support-fragment:25.0.1] AndroidManifest.xml:25:5-20
MERGED from [com.android.support:support-media-compat:25.0.1] AndroidManifest.xml:25:5-20
MERGED from [com.android.support:support-core-ui:25.0.1] AndroidManifest.xml:25:5-20
MERGED from [com.android.support:support-core-utils:25.1.0] AndroidManifest.xml:25:5-20
MERGED from [com.android.support:support-compat:25.1.0] AndroidManifest.xml:25:5-20
	android:label
		ADDED from src/main/AndroidManifest.xml:45:9-41
	android:allowBackup
		ADDED from src/main/AndroidManifest.xml:43:9-35
	android:icon
		ADDED from src/main/AndroidManifest.xml:44:9-45
meta-data#com.google.android.wearable.standalone
ADDED from src/main/AndroidManifest.xml:47:9-49:36
	android:value
		ADDED from src/main/AndroidManifest.xml:49:13-33
	android:name
		ADDED from src/main/AndroidManifest.xml:48:13-66
meta-data#com.google.android.gms.version
ADDED from src/main/AndroidManifest.xml:51:9-53:68
MERGED from [com.google.android.gms:play-services-basement:10.0.1] AndroidManifest.xml:20:9-121
	android:value
		ADDED from src/main/AndroidManifest.xml:53:13-66
	android:name
		ADDED from src/main/AndroidManifest.xml:52:13-58
uses-library#com.google.android.wearable
ADDED from src/main/AndroidManifest.xml:55:9-57:39
	android:required
		ADDED from src/main/AndroidManifest.xml:57:13-37
	android:name
		ADDED from src/main/AndroidManifest.xml:56:13-55
service#com.example.android.wearable.watchface.AnalogWatchFaceService
ADDED from src/main/AndroidManifest.xml:59:9-81:19
	android:label
		ADDED from src/main/AndroidManifest.xml:61:13-48
	android:permission
		ADDED from src/main/AndroidManifest.xml:62:13-67
	android:name
		ADDED from src/main/AndroidManifest.xml:60:13-51
meta-data#android.service.wallpaper
ADDED from src/main/AndroidManifest.xml:63:13-65:53
	android:resource
		ADDED from src/main/AndroidManifest.xml:65:17-51
	android:name
		ADDED from src/main/AndroidManifest.xml:64:17-57
meta-data#com.google.android.wearable.watchface.preview
ADDED from src/main/AndroidManifest.xml:66:13-68:62
	android:resource
		ADDED from src/main/AndroidManifest.xml:68:17-60
	android:name
		ADDED from src/main/AndroidManifest.xml:67:17-77
meta-data#com.google.android.wearable.watchface.preview_circular
ADDED from src/main/AndroidManifest.xml:69:13-71:71
	android:resource
		ADDED from src/main/AndroidManifest.xml:71:17-69
	android:name
		ADDED from src/main/AndroidManifest.xml:70:17-86
meta-data#com.google.android.wearable.watchface.companionConfigurationAction
ADDED from src/main/AndroidManifest.xml:72:13-74:87
	android:value
		ADDED from src/main/AndroidManifest.xml:74:17-85
	android:name
		ADDED from src/main/AndroidManifest.xml:73:17-98
intent-filter#android.service.wallpaper.WallpaperService+com.google.android.wearable.watchface.category.WATCH_FACE
ADDED from src/main/AndroidManifest.xml:76:13-80:29
action#android.service.wallpaper.WallpaperService
ADDED from src/main/AndroidManifest.xml:77:17-84
	android:name
		ADDED from src/main/AndroidManifest.xml:77:25-82
category#com.google.android.wearable.watchface.category.WATCH_FACE
ADDED from src/main/AndroidManifest.xml:79:17-101
	android:name
		ADDED from src/main/AndroidManifest.xml:79:27-99
service#com.example.android.wearable.watchface.SweepWatchFaceService
ADDED from src/main/AndroidManifest.xml:82:9-101:19
	android:label
		ADDED from src/main/AndroidManifest.xml:84:13-47
	android:permission
		ADDED from src/main/AndroidManifest.xml:85:13-67
	android:name
		ADDED from src/main/AndroidManifest.xml:83:13-50
service#com.example.android.wearable.watchface.OpenGLWatchFaceService
ADDED from src/main/AndroidManifest.xml:102:9-124:19
	android:label
		ADDED from src/main/AndroidManifest.xml:104:13-48
	android:permission
		ADDED from src/main/AndroidManifest.xml:105:13-67
	android:name
		ADDED from src/main/AndroidManifest.xml:103:13-51
service#com.example.android.wearable.watchface.CardBoundsWatchFaceService
ADDED from src/main/AndroidManifest.xml:125:9-147:19
	android:label
		ADDED from src/main/AndroidManifest.xml:127:13-53
	android:permission
		ADDED from src/main/AndroidManifest.xml:128:13-67
	android:name
		ADDED from src/main/AndroidManifest.xml:126:13-55
service#com.example.android.wearable.watchface.ComplicationSimpleWatchFaceService
ADDED from src/main/AndroidManifest.xml:148:9-171:19
	android:enabled
		ADDED from src/main/AndroidManifest.xml:150:13-35
	android:label
		ADDED from src/main/AndroidManifest.xml:151:13-56
	android:permission
		ADDED from src/main/AndroidManifest.xml:152:13-67
	android:name
		ADDED from src/main/AndroidManifest.xml:149:13-63
meta-data#com.google.android.wearable.watchface.wearableConfigurationAction
ADDED from src/main/AndroidManifest.xml:162:13-164:100
	android:value
		ADDED from src/main/AndroidManifest.xml:164:17-98
	android:name
		ADDED from src/main/AndroidManifest.xml:163:17-97
activity#android.support.wearable.complications.ComplicationHelperActivity
ADDED from src/main/AndroidManifest.xml:173:9-101
	android:name
		ADDED from src/main/AndroidManifest.xml:173:19-99
activity#com.example.android.wearable.watchface.ComplicationSimpleConfigActivity
ADDED from src/main/AndroidManifest.xml:174:9-183:20
	android:label
		ADDED from src/main/AndroidManifest.xml:176:13-56
	android:name
		ADDED from src/main/AndroidManifest.xml:175:13-61
intent-filter#android.intent.category.DEFAULT+com.example.android.wearable.watchface.CONFIG_COMPLICATION_SIMPLE+com.google.android.wearable.watchface.category.WEARABLE_CONFIGURATION
ADDED from src/main/AndroidManifest.xml:177:13-182:29
action#com.example.android.wearable.watchface.CONFIG_COMPLICATION_SIMPLE
ADDED from src/main/AndroidManifest.xml:178:17-107
	android:name
		ADDED from src/main/AndroidManifest.xml:178:25-105
category#com.google.android.wearable.watchface.category.WEARABLE_CONFIGURATION
ADDED from src/main/AndroidManifest.xml:180:17-113
	android:name
		ADDED from src/main/AndroidManifest.xml:180:27-111
category#android.intent.category.DEFAULT
ADDED from src/main/AndroidManifest.xml:181:17-75
	android:name
		ADDED from src/main/AndroidManifest.xml:181:27-73
service#com.example.android.wearable.watchface.InteractiveWatchFaceService
ADDED from src/main/AndroidManifest.xml:185:9-204:19
	android:label
		ADDED from src/main/AndroidManifest.xml:187:13-53
	android:permission
		ADDED from src/main/AndroidManifest.xml:188:13-67
	android:name
		ADDED from src/main/AndroidManifest.xml:186:13-56
service#com.example.android.wearable.watchface.DigitalWatchFaceService
ADDED from src/main/AndroidManifest.xml:205:9-230:19
	android:label
		ADDED from src/main/AndroidManifest.xml:207:13-49
	android:permission
		ADDED from src/main/AndroidManifest.xml:208:13-67
	android:name
		ADDED from src/main/AndroidManifest.xml:206:13-52
activity#com.example.android.wearable.watchface.DigitalWatchFaceWearableConfigActivity
ADDED from src/main/AndroidManifest.xml:238:9-247:20
	android:label
		ADDED from src/main/AndroidManifest.xml:240:13-56
	android:name
		ADDED from src/main/AndroidManifest.xml:239:13-67
intent-filter#android.intent.category.DEFAULT+com.example.android.wearable.watchface.CONFIG_DIGITAL+com.google.android.wearable.watchface.category.WEARABLE_CONFIGURATION
ADDED from src/main/AndroidManifest.xml:241:13-246:29
action#com.example.android.wearable.watchface.CONFIG_DIGITAL
ADDED from src/main/AndroidManifest.xml:242:17-95
	android:name
		ADDED from src/main/AndroidManifest.xml:242:25-93
service#com.example.android.wearable.watchface.CalendarWatchFaceService
ADDED from src/main/AndroidManifest.xml:249:9-268:19
	android:label
		ADDED from src/main/AndroidManifest.xml:251:13-50
	android:permission
		ADDED from src/main/AndroidManifest.xml:252:13-67
	android:name
		ADDED from src/main/AndroidManifest.xml:250:13-53
service#com.example.android.wearable.watchface.DigitalWatchFaceConfigListenerService
ADDED from src/main/AndroidManifest.xml:269:9-278:19
	android:name
		ADDED from src/main/AndroidManifest.xml:269:18-71
intent-filter#com.google.android.gms.wearable.MESSAGE_RECEIVED
ADDED from src/main/AndroidManifest.xml:270:13-277:29
action#com.google.android.gms.wearable.MESSAGE_RECEIVED
ADDED from src/main/AndroidManifest.xml:271:17-90
	android:name
		ADDED from src/main/AndroidManifest.xml:271:25-88
data
ADDED from src/main/AndroidManifest.xml:273:17-276:44
	android:host
		ADDED from src/main/AndroidManifest.xml:274:21-37
	android:scheme
		ADDED from src/main/AndroidManifest.xml:276:21-42
	android:pathPrefix
		ADDED from src/main/AndroidManifest.xml:275:21-43
service#com.example.android.wearable.watchface.FitDistanceWatchFaceService
ADDED from src/main/AndroidManifest.xml:279:9-301:19
	android:label
		ADDED from src/main/AndroidManifest.xml:281:13-54
	android:permission
		ADDED from src/main/AndroidManifest.xml:282:13-67
	android:name
		ADDED from src/main/AndroidManifest.xml:280:13-56
service#com.example.android.wearable.watchface.FitStepsWatchFaceService
ADDED from src/main/AndroidManifest.xml:302:9-321:19
	android:label
		ADDED from src/main/AndroidManifest.xml:304:13-51
	android:permission
		ADDED from src/main/AndroidManifest.xml:305:13-67
	android:name
		ADDED from src/main/AndroidManifest.xml:303:13-53
activity#com.example.android.wearable.watchface.CalendarWatchFacePermissionActivity
ADDED from src/main/AndroidManifest.xml:323:9-327:20
	android:label
		ADDED from src/main/AndroidManifest.xml:325:13-82
	android:exported
		ADDED from src/main/AndroidManifest.xml:326:13-36
	android:name
		ADDED from src/main/AndroidManifest.xml:324:13-64
service#com.example.android.wearable.watchface.provider.RandomNumberProviderService
ADDED from src/main/AndroidManifest.xml:329:9-357:19
	android:label
		ADDED from src/main/AndroidManifest.xml:332:13-73
	android:permission
		ADDED from src/main/AndroidManifest.xml:333:13-99
	android:icon
		ADDED from src/main/AndroidManifest.xml:331:13-49
	android:name
		ADDED from src/main/AndroidManifest.xml:330:13-65
intent-filter#android.support.wearable.complications.ACTION_COMPLICATION_UPDATE_REQUEST
ADDED from src/main/AndroidManifest.xml:334:13-336:29
action#android.support.wearable.complications.ACTION_COMPLICATION_UPDATE_REQUEST
ADDED from src/main/AndroidManifest.xml:335:17-115
	android:name
		ADDED from src/main/AndroidManifest.xml:335:25-113
meta-data#android.support.wearable.complications.SUPPORTED_TYPES
ADDED from src/main/AndroidManifest.xml:338:13-340:68
	android:value
		ADDED from src/main/AndroidManifest.xml:340:17-66
	android:name
		ADDED from src/main/AndroidManifest.xml:339:17-86
meta-data#android.support.wearable.complications.UPDATE_PERIOD_SECONDS
ADDED from src/main/AndroidManifest.xml:354:13-356:38
	android:value
		ADDED from src/main/AndroidManifest.xml:356:17-36
	android:name
		ADDED from src/main/AndroidManifest.xml:355:17-92
service#com.example.android.wearable.watchface.provider.UpdateComplicationDataService
ADDED from src/main/AndroidManifest.xml:358:9-361:19
	android:exported
		ADDED from src/main/AndroidManifest.xml:360:13-37
	android:name
		ADDED from src/main/AndroidManifest.xml:359:13-67
activity#com.google.android.gms.common.api.GoogleApiActivity
ADDED from [com.google.android.gms:play-services-base:10.0.1] AndroidManifest.xml:19:9-172
	android:exported
		ADDED from [com.google.android.gms:play-services-base:10.0.1] AndroidManifest.xml:19:146-170
	android:theme
		ADDED from [com.google.android.gms:play-services-base:10.0.1] AndroidManifest.xml:19:86-145
	android:name
		ADDED from [com.google.android.gms:play-services-base:10.0.1] AndroidManifest.xml:19:19-85